<?xml version="1.0" encoding="UTF-8"?>
<!-- Generated by org.testng.reporters.JUnitReportReporter -->
<testsuite hostname="notebook-Igor" failures="0" tests="1" name="ui_suite.tests.MainPageTests" time="10.700" errors="0" timestamp="2024-07-12T15:02:27 EEST" skipped="0">
  <testcase classname="ui_suite.tests.MainPageTests" name="optionsArePresentTest" time="10.700"/>
</testsuite> <!-- ui_suite.tests.MainPageTests -->
